
* Info: Process launched (host katia-VivoBook-ASUSLaptop-X415JAB-X415JA, process 8838)
[1mTotal memory size:[0m 786432 B, 768 KiB, 0 MiB

[1m Step    Time, s Interact/s  GFLOP/s[0m
    0  1.010e-01  2.657e+09     61.1 *
    1  9.326e-02  2.878e+09     66.2 *
    2  9.346e-02  2.872e+09     66.1 *
    3  9.185e-02  2.922e+09     67.2 
    4  9.352e-02  2.870e+09     66.0 
    5  9.130e-02  2.940e+09     67.6 
    6  9.221e-02  2.911e+09     66.9 
    7  9.256e-02  2.900e+09     66.7 
    8  9.377e-02  2.863e+09     65.8 
    9  9.290e-02  2.889e+09     66.5 
-----------------------------------------------------
[1mAverage performance:      [42m      66.7 +- 0.6 GFLOP/s[0m
-----------------------------------------------------

* Info: Process finished (host katia-VivoBook-ASUSLaptop-X415JAB-X415JA, process 8838)
* Info: Dumping samples (host katia-VivoBook-ASUSLaptop-X415JAB-X415JA, process 8838)
* Info: Dumping source info for callchain nodes (host katia-VivoBook-ASUSLaptop-X415JAB-X415JA, process 8838)
* Info: Building/writing metadata (host katia-VivoBook-ASUSLaptop-X415JAB-X415JA)
* Info: Finished collect step (host katia-VivoBook-ASUSLaptop-X415JAB-X415JA, process 8838)

Your experiment path is /home/katia/Archi/maqao_2022-01-21_15-22-49/tools/lprof_npsu_run_0

To display your profiling results:
#################################################################################################
#    LEVEL    |     REPORT     |                            COMMAND                             #
#################################################################################################
#  Functions  |  Cluster-wide  |  maqao lprof -df xp=/home/katia/Archi/maqao_2022-01-21_15-22-  #
#  Functions  |  Per-node      |  maqao lprof -df -dn xp=/home/katia/Archi/maqao_2022-01-21_15  #
#  Functions  |  Per-process   |  maqao lprof -df -dp xp=/home/katia/Archi/maqao_2022-01-21_15  #
#  Functions  |  Per-thread    |  maqao lprof -df -dt xp=/home/katia/Archi/maqao_2022-01-21_15  #
#  Loops      |  Cluster-wide  |  maqao lprof -dl xp=/home/katia/Archi/maqao_2022-01-21_15-22-  #
#  Loops      |  Per-node      |  maqao lprof -dl -dn xp=/home/katia/Archi/maqao_2022-01-21_15  #
#  Loops      |  Per-process   |  maqao lprof -dl -dp xp=/home/katia/Archi/maqao_2022-01-21_15  #
#  Loops      |  Per-thread    |  maqao lprof -dl -dt xp=/home/katia/Archi/maqao_2022-01-21_15  #
#################################################################################################

