
* Info: Process launched (host katia-VivoBook-ASUSLaptop-X415JAB-X415JA, process 4967)
[1mTotal memory size:[0m 786432 B, 768 KiB, 0 MiB

[1m Step    Time, s Interact/s  GFLOP/s[0m
    0  2.539e-01  1.057e+09     24.3 *
    1  2.477e-01  1.084e+09     24.9 *
    2  2.495e-01  1.076e+09     24.7 *
    3  2.473e-01  1.085e+09     25.0 
    4  2.494e-01  1.076e+09     24.8 
    5  2.778e-01  9.663e+08     22.2 
    6  2.602e-01  1.031e+09     23.7 
    7  2.377e-01  1.129e+09     26.0 
    8  2.467e-01  1.088e+09     25.0 
    9  2.441e-01  1.100e+09     25.3 
-----------------------------------------------------
[1mAverage performance:      [42m      24.6 +- 1.1 GFLOP/s[0m
-----------------------------------------------------

* Info: Process finished (host katia-VivoBook-ASUSLaptop-X415JAB-X415JA, process 4967)
* Info: Dumping samples (host katia-VivoBook-ASUSLaptop-X415JAB-X415JA, process 4967)
* Info: Dumping source info for callchain nodes (host katia-VivoBook-ASUSLaptop-X415JAB-X415JA, process 4967)
* Info: Building/writing metadata (host katia-VivoBook-ASUSLaptop-X415JAB-X415JA)
* Info: Finished collect step (host katia-VivoBook-ASUSLaptop-X415JAB-X415JA, process 4967)

Your experiment path is /home/katia/Archi/maqao_2022-01-21_14-17-27/tools/lprof_npsu_run_0

To display your profiling results:
#################################################################################################
#    LEVEL    |     REPORT     |                            COMMAND                             #
#################################################################################################
#  Functions  |  Cluster-wide  |  maqao lprof -df xp=/home/katia/Archi/maqao_2022-01-21_14-17-  #
#  Functions  |  Per-node      |  maqao lprof -df -dn xp=/home/katia/Archi/maqao_2022-01-21_14  #
#  Functions  |  Per-process   |  maqao lprof -df -dp xp=/home/katia/Archi/maqao_2022-01-21_14  #
#  Functions  |  Per-thread    |  maqao lprof -df -dt xp=/home/katia/Archi/maqao_2022-01-21_14  #
#  Loops      |  Cluster-wide  |  maqao lprof -dl xp=/home/katia/Archi/maqao_2022-01-21_14-17-  #
#  Loops      |  Per-node      |  maqao lprof -dl -dn xp=/home/katia/Archi/maqao_2022-01-21_14  #
#  Loops      |  Per-process   |  maqao lprof -dl -dp xp=/home/katia/Archi/maqao_2022-01-21_14  #
#  Loops      |  Per-thread    |  maqao lprof -dl -dt xp=/home/katia/Archi/maqao_2022-01-21_14  #
#################################################################################################

